[12:32:48] [Client thread/INFO]: Setting user: Player795
[12:32:49] [Client thread/INFO]: LWJGL Version: 2.9.4
[12:32:49] [Client thread/INFO]: Reloading ResourceManager: Default
[12:32:49] [Sound Library Loader/INFO]: Starting up SoundSystem...
[12:32:49] [Thread-3/INFO]: Initializing LWJGL OpenAL
[12:32:49] [Thread-3/INFO]: (The LWJGL binding of OpenAL.  For more information, see http://www.lwjgl.org)
[12:32:49] [Thread-3/INFO]: OpenAL initialized.
[12:32:49] [Client thread/INFO]: Created: 1024x512 textures-atlas
[12:32:50] [Sound Library Loader/INFO]: Sound engine started
[12:33:58] [Server thread/INFO]: Starting integrated minecraft server version 1.9.4
[12:33:58] [Server thread/INFO]: Generating keypair
[12:33:58] [Server thread/INFO]: Preparing start region for level 0
[12:33:59] [Server thread/INFO]: Preparing spawn area: 44%
[12:34:00] [Server thread/INFO]: Preparing spawn area: 75%
[12:34:01] [Server thread/INFO]: Changing view distance to 12, from 10
[12:34:02] [Server thread/INFO]: Player795[local:E:777dcfc6] logged in with entity id 825 at (71.5, 71.0, 225.5)
[12:34:02] [Server thread/INFO]: Player795 joined the game
[12:35:04] [Server thread/INFO]: Player795 has just earned the achievement [Taking Inventory]
[12:35:04] [Client thread/INFO]: [CHAT] Player795 has just earned the achievement [Taking Inventory]
[12:35:11] [Server thread/INFO]: Saving and pausing game...
[12:35:11] [Server thread/INFO]: Saving chunks for level 'davidov svet'/Overworld
[12:35:11] [Server thread/INFO]: Saving chunks for level 'davidov svet'/Nether
[12:35:11] [Server thread/INFO]: Saving chunks for level 'davidov svet'/The End
[12:48:49] [Server thread/INFO]: Saving and pausing game...
[12:48:49] [Server thread/INFO]: Saving chunks for level 'davidov svet'/Overworld
[12:48:49] [Server thread/INFO]: Saving chunks for level 'davidov svet'/Nether
[12:48:49] [Server thread/INFO]: Saving chunks for level 'davidov svet'/The End
[12:48:52] [Server thread/INFO]: Stopping server
[12:48:52] [Server thread/INFO]: Saving players
[12:48:52] [Server thread/INFO]: Saving worlds
[12:48:52] [Server thread/INFO]: Saving chunks for level 'davidov svet'/Overworld
[12:48:52] [Server thread/INFO]: Saving chunks for level 'davidov svet'/Nether
[12:48:52] [Server thread/INFO]: Saving chunks for level 'davidov svet'/The End
[12:49:11] [Server thread/INFO]: Starting integrated minecraft server version 1.9.4
[12:49:11] [Server thread/INFO]: Generating keypair
[12:49:11] [Server thread/INFO]: Preparing start region for level 0
[12:49:12] [Server thread/INFO]: Preparing spawn area: 38%
[12:49:13] [Server thread/INFO]: Preparing spawn area: 67%
[12:49:14] [Server thread/INFO]: Preparing spawn area: 90%
[12:49:14] [Server thread/INFO]: Player795[local:E:78de3269] logged in with entity id 13490 at (36.5, 68.0, 176.5)
[12:49:14] [Server thread/INFO]: Player795 joined the game
[12:49:14] [Server thread/INFO]: Changing view distance to 12, from 10
[12:49:17] [Server thread/INFO]: Saving and pausing game...
[12:49:17] [Server thread/INFO]: Saving chunks for level 'dimijev svet'/Overworld
[12:49:17] [Server thread/INFO]: Saving chunks for level 'dimijev svet'/Nether
[12:49:17] [Server thread/INFO]: Saving chunks for level 'dimijev svet'/The End
[12:58:17] [Server thread/INFO]: Player795 has just earned the achievement [Taking Inventory]
[12:58:17] [Client thread/INFO]: [CHAT] Player795 has just earned the achievement [Taking Inventory]
[12:58:54] [Server thread/INFO]: Player795 has just earned the achievement [Getting Wood]
[12:58:54] [Client thread/INFO]: [CHAT] Player795 has just earned the achievement [Getting Wood]
[13:02:16] [Server thread/INFO]: Saving and pausing game...
[13:02:16] [Server thread/INFO]: Saving chunks for level 'dimijev svet'/Overworld
[13:02:16] [Server thread/INFO]: Saving chunks for level 'dimijev svet'/Nether
[13:02:16] [Server thread/INFO]: Saving chunks for level 'dimijev svet'/The End
[13:02:19] [Server thread/INFO]: Stopping server
[13:02:19] [Server thread/INFO]: Saving players
[13:02:19] [Server thread/INFO]: Saving worlds
[13:02:19] [Server thread/INFO]: Saving chunks for level 'dimijev svet'/Overworld
[13:02:19] [Server thread/INFO]: Saving chunks for level 'dimijev svet'/Nether
[13:02:19] [Server thread/INFO]: Saving chunks for level 'dimijev svet'/The End
[13:02:30] [Server thread/INFO]: Starting integrated minecraft server version 1.9.4
[13:02:30] [Server thread/INFO]: Generating keypair
[13:02:30] [Server thread/INFO]: Preparing start region for level 0
[13:02:30] [Server thread/INFO]: Changing view distance to 12, from 10
[13:02:30] [Server thread/INFO]: Player795[local:E:9e53479f] logged in with entity id 29182 at (116.81052967516877, 87.15286723689381, 164.72949196613123)
[13:02:30] [Server thread/INFO]: Player795 joined the game
[13:02:34] [Server thread/INFO]: Saving and pausing game...
[13:02:34] [Server thread/INFO]: Saving chunks for level 'davidov svet'/Overworld
[13:02:34] [Server thread/INFO]: Saving chunks for level 'davidov svet'/Nether
[13:02:34] [Server thread/INFO]: Saving chunks for level 'davidov svet'/The End
[13:15:20] [Server thread/INFO]: Saving and pausing game...
[13:15:20] [Server thread/INFO]: Saving chunks for level 'davidov svet'/Overworld
[13:15:20] [Server thread/INFO]: Saving chunks for level 'davidov svet'/Nether
[13:15:20] [Server thread/INFO]: Saving chunks for level 'davidov svet'/The End
[13:15:22] [Server thread/INFO]: Saving and pausing game...
[13:15:22] [Server thread/INFO]: Saving chunks for level 'davidov svet'/Overworld
[13:15:22] [Server thread/INFO]: Saving chunks for level 'davidov svet'/Nether
[13:15:22] [Server thread/INFO]: Saving chunks for level 'davidov svet'/The End
[13:18:51] [Server thread/INFO]: Saving and pausing game...
[13:18:51] [Server thread/INFO]: Saving chunks for level 'davidov svet'/Overworld
[13:18:51] [Server thread/INFO]: Saving chunks for level 'davidov svet'/Nether
[13:18:51] [Server thread/INFO]: Saving chunks for level 'davidov svet'/The End
[13:18:56] [Server thread/INFO]: Saving and pausing game...
[13:18:56] [Server thread/INFO]: Saving chunks for level 'davidov svet'/Overworld
[13:18:56] [Server thread/INFO]: Saving chunks for level 'davidov svet'/Nether
[13:18:56] [Server thread/INFO]: Saving chunks for level 'davidov svet'/The End
[13:19:08] [Server thread/INFO]: Stopping server
[13:19:08] [Server thread/INFO]: Saving players
[13:19:08] [Server thread/INFO]: Saving worlds
[13:19:08] [Server thread/INFO]: Saving chunks for level 'davidov svet'/Overworld
[13:19:08] [Server thread/INFO]: Saving chunks for level 'davidov svet'/Nether
[13:19:08] [Server thread/INFO]: Saving chunks for level 'davidov svet'/The End
[13:19:19] [Server thread/INFO]: Starting integrated minecraft server version 1.9.4
[13:19:19] [Server thread/INFO]: Generating keypair
[13:19:19] [Server thread/INFO]: Preparing start region for level 0
[13:19:20] [Server thread/INFO]: Changing view distance to 12, from 10
[13:19:20] [Server thread/INFO]: Player795[local:E:fee64c3f] logged in with entity id 38761 at (29.30000001192093, 71.0, 185.75596284175202)
[13:19:20] [Server thread/INFO]: Player795 joined the game
[13:19:26] [Server thread/INFO]: Saving and pausing game...
[13:19:26] [Server thread/INFO]: Saving chunks for level 'dimijev svet'/Overworld
[13:19:26] [Server thread/INFO]: Saving chunks for level 'dimijev svet'/Nether
[13:19:26] [Server thread/INFO]: Saving chunks for level 'dimijev svet'/The End
[13:23:56] [Server thread/INFO]: Saving and pausing game...
[13:23:56] [Server thread/INFO]: Saving chunks for level 'dimijev svet'/Overworld
[13:23:56] [Server thread/INFO]: Saving chunks for level 'dimijev svet'/Nether
[13:23:56] [Server thread/INFO]: Saving chunks for level 'dimijev svet'/The End
[13:24:01] [Server thread/INFO]: Stopping server
[13:24:01] [Server thread/INFO]: Saving players
[13:24:01] [Server thread/INFO]: Saving worlds
[13:24:01] [Server thread/INFO]: Saving chunks for level 'dimijev svet'/Overworld
[13:24:01] [Server thread/INFO]: Saving chunks for level 'dimijev svet'/Nether
[13:24:01] [Server thread/INFO]: Saving chunks for level 'dimijev svet'/The End
[13:24:02] [Client thread/INFO]: Stopping!
[13:24:02] [Client thread/INFO]: SoundSystem shutting down...
[13:24:02] [Client thread/WARN]: Author: Paul Lamb, www.paulscode.com
